[01:07:32.032] [INFO   ] thread main starting.
[01:07:32.037] [SEVERE ] cannot read configuration file config.properties trying from resources.
[01:07:32.039] [SEVERE ] configuration file was loaded from resources directory.
[01:07:32.435] [INFO   ] thread dealer starting.
[01:07:32.436] [INFO   ] Thread dealer starting.
[01:07:32.436] [INFO   ] Thread player 0 starting.
[01:07:32.436] [INFO   ] Thread player 1 starting.
[01:07:32.541] [SEVERE ] placing card 11 in slot 0
[01:07:32.642] [SEVERE ] placing card 56 in slot 1
[01:07:32.743] [SEVERE ] placing card 9 in slot 2
[01:07:32.845] [SEVERE ] placing card 26 in slot 3
[01:07:32.947] [SEVERE ] placing card 14 in slot 4
[01:07:33.049] [SEVERE ] placing card 70 in slot 5
[01:07:33.150] [SEVERE ] placing card 36 in slot 6
[01:07:33.252] [SEVERE ] placing card 66 in slot 7
[01:07:33.354] [SEVERE ] placing card 7 in slot 8
[01:07:33.455] [SEVERE ] placing card 63 in slot 9
[01:07:33.557] [SEVERE ] placing card 80 in slot 10
[01:07:33.658] [SEVERE ] placing card 30 in slot 11
[01:07:33.680] [SEVERE ] updating countdown to 20000
[01:07:33.700] [SEVERE ] updating countdown to 19980
[01:07:33.721] [SEVERE ] updating countdown to 19959
[01:07:33.742] [SEVERE ] updating countdown to 19938
[01:07:33.763] [SEVERE ] updating countdown to 19917
[01:07:33.784] [SEVERE ] updating countdown to 19896
[01:07:33.805] [SEVERE ] updating countdown to 19875
[01:07:33.827] [SEVERE ] updating countdown to 19853
[01:07:33.849] [SEVERE ] updating countdown to 19831
[01:07:33.871] [SEVERE ] updating countdown to 19809
[01:07:33.893] [SEVERE ] updating countdown to 19787
[01:07:33.915] [SEVERE ] updating countdown to 19766
[01:07:33.936] [SEVERE ] updating countdown to 19744
[01:07:33.958] [SEVERE ] updating countdown to 19722
[01:07:33.980] [SEVERE ] updating countdown to 19700
[01:07:34.001] [SEVERE ] updating countdown to 19679
[01:07:34.022] [SEVERE ] updating countdown to 19659
[01:07:34.043] [SEVERE ] updating countdown to 19637
[01:07:34.064] [SEVERE ] updating countdown to 19616
[01:07:34.086] [SEVERE ] updating countdown to 19594
[01:07:34.108] [SEVERE ] updating countdown to 19572
[01:07:34.129] [SEVERE ] updating countdown to 19551
[01:07:34.151] [SEVERE ] updating countdown to 19529
[01:07:34.173] [SEVERE ] updating countdown to 19507
[01:07:34.194] [SEVERE ] updating countdown to 19486
[01:07:34.216] [SEVERE ] updating countdown to 19464
[01:07:34.238] [SEVERE ] updating countdown to 19442
[01:07:34.259] [SEVERE ] updating countdown to 19421
[01:07:34.281] [SEVERE ] updating countdown to 19399
[01:07:34.302] [SEVERE ] updating countdown to 19378
[01:07:34.324] [SEVERE ] updating countdown to 19356
[01:07:34.346] [SEVERE ] updating countdown to 19334
[01:07:34.368] [SEVERE ] updating countdown to 19312
[01:07:34.390] [SEVERE ] updating countdown to 19291
[01:07:34.411] [SEVERE ] updating countdown to 19269
[01:07:34.433] [SEVERE ] updating countdown to 19247
[01:07:34.455] [SEVERE ] updating countdown to 19226
[01:07:34.476] [SEVERE ] updating countdown to 19204
[01:07:34.498] [SEVERE ] updating countdown to 19182
[01:07:34.519] [SEVERE ] updating countdown to 19161
[01:07:34.540] [SEVERE ] updating countdown to 19140
[01:07:34.562] [SEVERE ] updating countdown to 19118
[01:07:34.583] [SEVERE ] updating countdown to 19097
[01:07:34.604] [SEVERE ] updating countdown to 19076
[01:07:34.626] [SEVERE ] updating countdown to 19054
[01:07:34.647] [SEVERE ] updating countdown to 19033
[01:07:34.669] [SEVERE ] updating countdown to 19011
[01:07:34.690] [SEVERE ] updating countdown to 18990
[01:07:34.712] [SEVERE ] updating countdown to 18968
[01:07:34.733] [SEVERE ] updating countdown to 18947
[01:07:34.755] [SEVERE ] updating countdown to 18925
[01:07:34.776] [SEVERE ] updating countdown to 18904
[01:07:34.798] [SEVERE ] updating countdown to 18882
[01:07:34.819] [SEVERE ] updating countdown to 18861
[01:07:34.841] [SEVERE ] updating countdown to 18839
[01:07:34.862] [SEVERE ] updating countdown to 18818
[01:07:34.884] [SEVERE ] updating countdown to 18796
[01:07:34.905] [SEVERE ] updating countdown to 18775
[01:07:34.926] [SEVERE ] updating countdown to 18754
[01:07:34.947] [SEVERE ] updating countdown to 18733
[01:07:34.968] [SEVERE ] updating countdown to 18712
[01:07:34.985] [SEVERE ] key 65 was pressed by player 1
[01:07:34.986] [SEVERE ] player 1 placing token on slot 4
[01:07:34.989] [SEVERE ] updating countdown to 18691
[01:07:35.010] [SEVERE ] updating countdown to 18670
[01:07:35.031] [SEVERE ] updating countdown to 18649
[01:07:35.052] [SEVERE ] updating countdown to 18628
[01:07:35.073] [SEVERE ] updating countdown to 18607
[01:07:35.094] [SEVERE ] updating countdown to 18586
[01:07:35.116] [SEVERE ] updating countdown to 18564
[01:07:35.137] [SEVERE ] updating countdown to 18543
[01:07:35.159] [SEVERE ] updating countdown to 18521
[01:07:35.180] [SEVERE ] updating countdown to 18500
[01:07:35.202] [SEVERE ] updating countdown to 18478
[01:07:35.223] [SEVERE ] updating countdown to 18457
[01:07:35.244] [SEVERE ] updating countdown to 18436
[01:07:35.266] [SEVERE ] updating countdown to 18414
[01:07:35.288] [SEVERE ] updating countdown to 18392
[01:07:35.309] [SEVERE ] updating countdown to 18371
[01:07:35.330] [SEVERE ] updating countdown to 18350
[01:07:35.351] [SEVERE ] updating countdown to 18329
[01:07:35.373] [SEVERE ] updating countdown to 18308
[01:07:35.394] [SEVERE ] updating countdown to 18286
[01:07:35.415] [SEVERE ] updating countdown to 18265
[01:07:35.436] [SEVERE ] updating countdown to 18244
[01:07:35.457] [SEVERE ] updating countdown to 18223
[01:07:35.479] [SEVERE ] updating countdown to 18201
[01:07:35.500] [SEVERE ] updating countdown to 18180
[01:07:35.522] [SEVERE ] updating countdown to 18158
[01:07:35.543] [SEVERE ] updating countdown to 18137
[01:07:35.565] [SEVERE ] updating countdown to 18115
[01:07:35.586] [SEVERE ] updating countdown to 18094
[01:07:35.607] [SEVERE ] updating countdown to 18073
[01:07:35.629] [SEVERE ] updating countdown to 18052
[01:07:35.650] [SEVERE ] updating countdown to 18030
[01:07:35.671] [SEVERE ] updating countdown to 18009
[01:07:35.692] [SEVERE ] updating countdown to 17988
[01:07:35.714] [SEVERE ] updating countdown to 17966
[01:07:35.736] [SEVERE ] updating countdown to 17945
[01:07:35.745] [SEVERE ] key 65 was pressed by player 1
[01:07:35.745] [SEVERE ] removing player 1 token from slot 4
[01:07:35.757] [SEVERE ] updating countdown to 17923
[01:07:35.778] [SEVERE ] updating countdown to 17902
[01:07:35.799] [SEVERE ] updating countdown to 17881
[01:07:35.821] [SEVERE ] updating countdown to 17859
[01:07:35.842] [SEVERE ] updating countdown to 17838
[01:07:35.863] [SEVERE ] updating countdown to 17817
[01:07:35.885] [SEVERE ] updating countdown to 17795
[01:07:35.906] [SEVERE ] updating countdown to 17774
[01:07:35.927] [SEVERE ] updating countdown to 17753
[01:07:35.949] [SEVERE ] updating countdown to 17731
[01:07:35.970] [SEVERE ] updating countdown to 17710
[01:07:35.991] [SEVERE ] updating countdown to 17689
[01:07:36.012] [SEVERE ] updating countdown to 17668
[01:07:36.034] [SEVERE ] updating countdown to 17647
[01:07:36.055] [SEVERE ] updating countdown to 17625
[01:07:36.076] [SEVERE ] updating countdown to 17604
[01:07:36.097] [SEVERE ] updating countdown to 17583
[01:07:36.118] [SEVERE ] updating countdown to 17562
[01:07:36.139] [SEVERE ] updating countdown to 17541
[01:07:36.160] [SEVERE ] updating countdown to 17520
[01:07:36.182] [SEVERE ] updating countdown to 17498
[01:07:36.203] [SEVERE ] updating countdown to 17477
[01:07:36.224] [SEVERE ] updating countdown to 17456
[01:07:36.246] [SEVERE ] updating countdown to 17434
[01:07:36.267] [SEVERE ] updating countdown to 17413
[01:07:36.288] [SEVERE ] updating countdown to 17392
[01:07:36.309] [SEVERE ] updating countdown to 17371
[01:07:36.331] [SEVERE ] updating countdown to 17349
[01:07:36.352] [SEVERE ] updating countdown to 17328
[01:07:36.373] [SEVERE ] updating countdown to 17307
[01:07:36.374] [SEVERE ] key 68 was pressed by player 1
[01:07:36.375] [SEVERE ] player 1 placing token on slot 6
[01:07:36.394] [SEVERE ] updating countdown to 17286
[01:07:36.415] [SEVERE ] updating countdown to 17265
[01:07:36.436] [SEVERE ] updating countdown to 17244
[01:07:36.456] [SEVERE ] updating countdown to 17224
[01:07:36.477] [SEVERE ] updating countdown to 17203
[01:07:36.498] [SEVERE ] updating countdown to 17182
[01:07:36.520] [SEVERE ] updating countdown to 17160
[01:07:36.541] [SEVERE ] updating countdown to 17139
[01:07:36.562] [SEVERE ] updating countdown to 17118
[01:07:36.583] [SEVERE ] updating countdown to 17097
[01:07:36.605] [SEVERE ] updating countdown to 17075
[01:07:36.626] [SEVERE ] updating countdown to 17054
[01:07:36.647] [SEVERE ] updating countdown to 17033
[01:07:36.669] [SEVERE ] updating countdown to 17011
[01:07:36.690] [SEVERE ] updating countdown to 16990
[01:07:36.711] [SEVERE ] updating countdown to 16969
[01:07:36.732] [SEVERE ] updating countdown to 16948
[01:07:36.753] [SEVERE ] updating countdown to 16927
[01:07:36.773] [SEVERE ] key 83 was pressed by player 1
[01:07:36.774] [SEVERE ] updating countdown to 16906
[01:07:36.774] [SEVERE ] player 1 placing token on slot 5
[01:07:36.795] [SEVERE ] updating countdown to 16885
[01:07:36.817] [SEVERE ] updating countdown to 16863
[01:07:36.838] [SEVERE ] updating countdown to 16842
[01:07:36.859] [SEVERE ] updating countdown to 16821
[01:07:36.880] [SEVERE ] updating countdown to 16800
[01:07:36.902] [SEVERE ] updating countdown to 16778
[01:07:36.923] [SEVERE ] updating countdown to 16757
[01:07:36.944] [SEVERE ] updating countdown to 16736
[01:07:36.966] [SEVERE ] updating countdown to 16714
[01:07:36.987] [SEVERE ] updating countdown to 16693
[01:07:37.008] [SEVERE ] updating countdown to 16672
[01:07:37.030] [SEVERE ] updating countdown to 16651
[01:07:37.051] [SEVERE ] updating countdown to 16629
[01:07:37.072] [SEVERE ] updating countdown to 16608
[01:07:37.093] [SEVERE ] updating countdown to 16587
[01:07:37.115] [SEVERE ] updating countdown to 16565
[01:07:37.135] [SEVERE ] updating countdown to 16545
[01:07:37.156] [SEVERE ] updating countdown to 16524
[01:07:37.177] [SEVERE ] updating countdown to 16503
[01:07:37.197] [SEVERE ] updating countdown to 16483
[01:07:37.219] [SEVERE ] updating countdown to 16461
[01:07:37.240] [SEVERE ] updating countdown to 16440
[01:07:37.261] [SEVERE ] updating countdown to 16419
[01:07:37.282] [SEVERE ] updating countdown to 16398
[01:07:37.304] [SEVERE ] updating countdown to 16376
[01:07:37.325] [SEVERE ] updating countdown to 16355
[01:07:37.346] [SEVERE ] updating countdown to 16334
[01:07:37.367] [SEVERE ] updating countdown to 16313
[01:07:37.388] [SEVERE ] updating countdown to 16292
[01:07:37.409] [SEVERE ] updating countdown to 16271
[01:07:37.430] [SEVERE ] key 68 was pressed by player 1
[01:07:37.430] [SEVERE ] updating countdown to 16250
[01:07:37.431] [SEVERE ] removing player 1 token from slot 6
[01:07:37.452] [SEVERE ] updating countdown to 16228
[01:07:37.472] [SEVERE ] updating countdown to 16208
[01:07:37.474] [SEVERE ] key 83 was pressed by player 1
[01:07:37.474] [SEVERE ] removing player 1 token from slot 5
[01:07:37.493] [SEVERE ] updating countdown to 16187
[01:07:37.513] [SEVERE ] updating countdown to 16167
[01:07:37.534] [SEVERE ] updating countdown to 16146
[01:07:37.554] [SEVERE ] updating countdown to 16126
[01:07:37.575] [SEVERE ] updating countdown to 16105
[01:07:37.595] [SEVERE ] updating countdown to 16085
[01:07:37.615] [SEVERE ] updating countdown to 16065
[01:07:37.636] [SEVERE ] updating countdown to 16044
[01:07:37.656] [SEVERE ] updating countdown to 16024
[01:07:37.677] [SEVERE ] updating countdown to 16003
[01:07:37.697] [SEVERE ] updating countdown to 15983
[01:07:37.718] [SEVERE ] updating countdown to 15962
[01:07:37.738] [SEVERE ] updating countdown to 15942
[01:07:37.759] [SEVERE ] updating countdown to 15921
[01:07:37.779] [SEVERE ] updating countdown to 15901
[01:07:37.800] [SEVERE ] updating countdown to 15880
[01:07:37.820] [SEVERE ] updating countdown to 15860
[01:07:37.841] [SEVERE ] updating countdown to 15839
[01:07:37.862] [SEVERE ] updating countdown to 15818
[01:07:37.883] [SEVERE ] updating countdown to 15797
[01:07:37.904] [SEVERE ] updating countdown to 15776
[01:07:37.925] [SEVERE ] updating countdown to 15755
[01:07:37.946] [SEVERE ] updating countdown to 15734
[01:07:37.967] [SEVERE ] updating countdown to 15713
[01:07:37.988] [SEVERE ] updating countdown to 15692
[01:07:38.009] [SEVERE ] updating countdown to 15671
[01:07:38.030] [SEVERE ] updating countdown to 15650
[01:07:38.051] [SEVERE ] updating countdown to 15629
[01:07:38.072] [SEVERE ] updating countdown to 15608
[01:07:38.093] [SEVERE ] updating countdown to 15587
[01:07:38.114] [SEVERE ] updating countdown to 15566
[01:07:38.135] [SEVERE ] updating countdown to 15545
[01:07:38.156] [SEVERE ] updating countdown to 15524
[01:07:38.177] [SEVERE ] updating countdown to 15503
[01:07:38.198] [SEVERE ] updating countdown to 15482
[01:07:38.219] [SEVERE ] updating countdown to 15461
[01:07:38.239] [SEVERE ] updating countdown to 15441
[01:07:38.259] [SEVERE ] updating countdown to 15421
[01:07:38.280] [SEVERE ] updating countdown to 15400
[01:07:38.301] [SEVERE ] updating countdown to 15379
[01:07:38.322] [SEVERE ] updating countdown to 15358
[01:07:38.342] [SEVERE ] updating countdown to 15338
[01:07:38.363] [SEVERE ] updating countdown to 15317
[01:07:38.384] [SEVERE ] updating countdown to 15296
[01:07:38.405] [SEVERE ] updating countdown to 15275
[01:07:38.426] [SEVERE ] updating countdown to 15254
[01:07:38.447] [SEVERE ] updating countdown to 15233
[01:07:38.468] [SEVERE ] updating countdown to 15212
[01:07:38.489] [SEVERE ] updating countdown to 15191
[01:07:38.510] [SEVERE ] updating countdown to 15170
[01:07:38.531] [SEVERE ] updating countdown to 15149
[01:07:38.552] [SEVERE ] updating countdown to 15128
[01:07:38.573] [SEVERE ] updating countdown to 15107
[01:07:38.594] [SEVERE ] updating countdown to 15086
[01:07:38.615] [SEVERE ] updating countdown to 15065
[01:07:38.636] [SEVERE ] updating countdown to 15044
[01:07:38.657] [SEVERE ] updating countdown to 15023
[01:07:38.678] [SEVERE ] updating countdown to 15002
[01:07:38.699] [SEVERE ] updating countdown to 14981
[01:07:38.720] [SEVERE ] updating countdown to 14960
[01:07:38.741] [SEVERE ] updating countdown to 14939
[01:07:38.762] [SEVERE ] updating countdown to 14918
[01:07:38.783] [SEVERE ] updating countdown to 14897
[01:07:38.804] [SEVERE ] updating countdown to 14876
[01:07:38.824] [SEVERE ] updating countdown to 14856
[01:07:38.845] [SEVERE ] updating countdown to 14835
[01:07:38.866] [SEVERE ] updating countdown to 14814
[01:07:38.886] [SEVERE ] updating countdown to 14794
[01:07:38.907] [SEVERE ] updating countdown to 14773
[01:07:38.928] [SEVERE ] updating countdown to 14752
[01:07:38.948] [SEVERE ] updating countdown to 14732
[01:07:38.969] [SEVERE ] updating countdown to 14711
[01:07:38.990] [SEVERE ] updating countdown to 14690
[01:07:39.011] [SEVERE ] updating countdown to 14669
[01:07:39.032] [SEVERE ] updating countdown to 14648
[01:07:39.052] [SEVERE ] updating countdown to 14628
[01:07:39.073] [SEVERE ] updating countdown to 14607
[01:07:39.094] [SEVERE ] updating countdown to 14586
[01:07:39.115] [SEVERE ] updating countdown to 14565
[01:07:39.135] [SEVERE ] updating countdown to 14545
[01:07:39.156] [SEVERE ] updating countdown to 14524
[01:07:39.177] [SEVERE ] updating countdown to 14503
[01:07:39.198] [SEVERE ] updating countdown to 14482
[01:07:39.218] [SEVERE ] updating countdown to 14462
[01:07:39.239] [SEVERE ] updating countdown to 14441
[01:07:39.260] [SEVERE ] updating countdown to 14420
[01:07:39.281] [SEVERE ] updating countdown to 14399
[01:07:39.302] [SEVERE ] updating countdown to 14378
[01:07:39.323] [SEVERE ] updating countdown to 14357
[01:07:39.343] [SEVERE ] updating countdown to 14337
[01:07:39.364] [SEVERE ] updating countdown to 14316
[01:07:39.385] [SEVERE ] updating countdown to 14295
[01:07:39.406] [SEVERE ] updating countdown to 14274
[01:07:39.427] [SEVERE ] updating countdown to 14253
[01:07:39.448] [SEVERE ] updating countdown to 14232
[01:07:39.469] [SEVERE ] updating countdown to 14211
[01:07:39.490] [SEVERE ] updating countdown to 14190
[01:07:39.511] [SEVERE ] updating countdown to 14169
[01:07:39.532] [SEVERE ] updating countdown to 14148
[01:07:39.552] [SEVERE ] updating countdown to 14128
[01:07:39.573] [SEVERE ] updating countdown to 14107
[01:07:39.595] [SEVERE ] updating countdown to 14085
[01:07:39.615] [SEVERE ] updating countdown to 14065
[01:07:39.637] [SEVERE ] updating countdown to 14044
[01:07:39.657] [SEVERE ] updating countdown to 14023
[01:07:39.678] [SEVERE ] updating countdown to 14002
[01:07:39.699] [SEVERE ] updating countdown to 13981
[01:07:39.720] [SEVERE ] updating countdown to 13960
[01:07:39.741] [SEVERE ] updating countdown to 13939
[01:07:39.762] [SEVERE ] updating countdown to 13918
[01:07:39.783] [SEVERE ] updating countdown to 13897
[01:07:39.804] [SEVERE ] updating countdown to 13877
[01:07:39.824] [SEVERE ] updating countdown to 13856
[01:07:39.845] [SEVERE ] updating countdown to 13835
[01:07:39.866] [SEVERE ] updating countdown to 13814
[01:07:39.886] [SEVERE ] updating countdown to 13794
[01:07:39.907] [SEVERE ] updating countdown to 13773
[01:07:39.928] [SEVERE ] updating countdown to 13752
[01:07:39.949] [SEVERE ] updating countdown to 13731
[01:07:39.970] [SEVERE ] updating countdown to 13710
[01:07:39.991] [SEVERE ] updating countdown to 13689
[01:07:40.011] [SEVERE ] updating countdown to 13669
[01:07:40.033] [SEVERE ] updating countdown to 13647
[01:07:40.054] [SEVERE ] updating countdown to 13626
[01:07:40.075] [SEVERE ] updating countdown to 13605
[01:07:40.096] [SEVERE ] updating countdown to 13584
[01:07:40.117] [SEVERE ] updating countdown to 13563
[01:07:40.137] [SEVERE ] updating countdown to 13543
[01:07:40.158] [SEVERE ] updating countdown to 13522
[01:07:40.179] [SEVERE ] updating countdown to 13501
[01:07:40.200] [SEVERE ] updating countdown to 13480
[01:07:40.221] [SEVERE ] updating countdown to 13459
[01:07:40.242] [SEVERE ] updating countdown to 13438
[01:07:40.263] [SEVERE ] updating countdown to 13417
[01:07:40.284] [SEVERE ] updating countdown to 13396
[01:07:40.305] [SEVERE ] updating countdown to 13375
[01:07:40.326] [SEVERE ] updating countdown to 13354
[01:07:40.347] [SEVERE ] updating countdown to 13333
[01:07:40.368] [SEVERE ] updating countdown to 13312
[01:07:40.389] [SEVERE ] updating countdown to 13291
[01:07:40.410] [SEVERE ] updating countdown to 13270
[01:07:40.431] [SEVERE ] updating countdown to 13249
[01:07:40.452] [SEVERE ] updating countdown to 13228
[01:07:40.473] [SEVERE ] updating countdown to 13207
[01:07:40.494] [SEVERE ] updating countdown to 13186
[01:07:40.516] [SEVERE ] updating countdown to 13164
[01:07:40.537] [SEVERE ] updating countdown to 13143
[01:07:40.558] [SEVERE ] updating countdown to 13122
[01:07:40.579] [SEVERE ] updating countdown to 13101
[01:07:40.600] [SEVERE ] updating countdown to 13080
[01:07:40.621] [SEVERE ] updating countdown to 13059
[01:07:40.641] [SEVERE ] updating countdown to 13039
[01:07:40.662] [SEVERE ] updating countdown to 13018
[01:07:40.683] [SEVERE ] updating countdown to 12997
[01:07:40.705] [SEVERE ] updating countdown to 12975
[01:07:40.726] [SEVERE ] updating countdown to 12954
[01:07:40.747] [SEVERE ] updating countdown to 12934
[01:07:40.768] [SEVERE ] updating countdown to 12912
[01:07:40.789] [SEVERE ] updating countdown to 12891
[01:07:40.810] [SEVERE ] updating countdown to 12870
[01:07:40.831] [SEVERE ] updating countdown to 12849
[01:07:40.852] [SEVERE ] updating countdown to 12828
[01:07:40.873] [SEVERE ] updating countdown to 12807
[01:07:40.894] [SEVERE ] updating countdown to 12786
[01:07:40.915] [SEVERE ] updating countdown to 12765
[01:07:40.935] [SEVERE ] updating countdown to 12745
[01:07:40.956] [SEVERE ] updating countdown to 12724
[01:07:40.977] [SEVERE ] updating countdown to 12704
[01:07:40.998] [SEVERE ] updating countdown to 12682
[01:07:41.018] [SEVERE ] updating countdown to 12662
[01:07:41.039] [SEVERE ] updating countdown to 12641
[01:07:41.060] [SEVERE ] updating countdown to 12620
[01:07:41.080] [SEVERE ] updating countdown to 12600
[01:07:41.101] [SEVERE ] updating countdown to 12579
[01:07:41.122] [SEVERE ] updating countdown to 12558
[01:07:41.144] [SEVERE ] updating countdown to 12536
[01:07:41.165] [SEVERE ] updating countdown to 12515
[01:07:41.185] [SEVERE ] updating countdown to 12495
[01:07:41.206] [SEVERE ] updating countdown to 12474
[01:07:41.227] [SEVERE ] updating countdown to 12453
[01:07:41.248] [SEVERE ] updating countdown to 12432
[01:07:41.269] [SEVERE ] updating countdown to 12411
[01:07:41.290] [SEVERE ] updating countdown to 12390
[01:07:41.310] [SEVERE ] updating countdown to 12370
[01:07:41.331] [SEVERE ] updating countdown to 12349
[01:07:41.352] [SEVERE ] updating countdown to 12328
[01:07:41.373] [SEVERE ] updating countdown to 12307
[01:07:41.394] [SEVERE ] updating countdown to 12286
[01:07:41.414] [SEVERE ] updating countdown to 12266
[01:07:41.435] [SEVERE ] updating countdown to 12245
[01:07:41.456] [SEVERE ] updating countdown to 12224
[01:07:41.477] [SEVERE ] updating countdown to 12203
[01:07:41.498] [SEVERE ] updating countdown to 12182
[01:07:41.518] [SEVERE ] updating countdown to 12162
[01:07:41.539] [SEVERE ] updating countdown to 12141
[01:07:41.560] [SEVERE ] updating countdown to 12120
[01:07:41.581] [SEVERE ] updating countdown to 12099
[01:07:41.601] [SEVERE ] updating countdown to 12079
[01:07:41.622] [SEVERE ] updating countdown to 12058
[01:07:41.643] [SEVERE ] updating countdown to 12037
[01:07:41.664] [SEVERE ] updating countdown to 12016
[01:07:41.685] [SEVERE ] updating countdown to 11995
[01:07:41.706] [SEVERE ] updating countdown to 11974
[01:07:41.727] [SEVERE ] updating countdown to 11953
[01:07:41.748] [SEVERE ] updating countdown to 11932
[01:07:41.769] [SEVERE ] updating countdown to 11911
[01:07:41.790] [SEVERE ] updating countdown to 11890
[01:07:41.810] [SEVERE ] updating countdown to 11870
[01:07:41.832] [SEVERE ] updating countdown to 11849
[01:07:41.853] [SEVERE ] updating countdown to 11827
[01:07:41.874] [SEVERE ] updating countdown to 11806
[01:07:41.895] [SEVERE ] updating countdown to 11785
[01:07:41.916] [SEVERE ] updating countdown to 11764
[01:07:41.937] [SEVERE ] updating countdown to 11743
[01:07:41.958] [SEVERE ] updating countdown to 11722
[01:07:41.979] [SEVERE ] updating countdown to 11701
[01:07:42.000] [SEVERE ] updating countdown to 11680
[01:07:42.021] [SEVERE ] updating countdown to 11659
[01:07:42.042] [SEVERE ] updating countdown to 11638
[01:07:42.063] [SEVERE ] updating countdown to 11617
[01:07:42.084] [SEVERE ] updating countdown to 11596
[01:07:42.105] [SEVERE ] updating countdown to 11575
[01:07:42.126] [SEVERE ] updating countdown to 11554
[01:07:42.147] [SEVERE ] updating countdown to 11533
[01:07:42.167] [SEVERE ] updating countdown to 11513
[01:07:42.188] [SEVERE ] updating countdown to 11492
[01:07:42.210] [SEVERE ] updating countdown to 11470
[01:07:42.231] [SEVERE ] updating countdown to 11449
[01:07:42.252] [SEVERE ] updating countdown to 11428
[01:07:42.273] [SEVERE ] updating countdown to 11407
[01:07:42.293] [SEVERE ] updating countdown to 11387
[01:07:42.314] [SEVERE ] updating countdown to 11366
[01:07:42.335] [SEVERE ] updating countdown to 11345
[01:07:42.356] [SEVERE ] updating countdown to 11324
[01:07:42.376] [SEVERE ] updating countdown to 11304
[01:07:42.397] [SEVERE ] updating countdown to 11283
[01:07:42.418] [SEVERE ] updating countdown to 11262
[01:07:42.439] [SEVERE ] updating countdown to 11241
[01:07:42.460] [SEVERE ] updating countdown to 11220
[01:07:42.481] [SEVERE ] updating countdown to 11199
[01:07:42.502] [SEVERE ] updating countdown to 11178
[01:07:42.523] [SEVERE ] updating countdown to 11157
[01:07:42.544] [SEVERE ] updating countdown to 11136
[01:07:42.565] [SEVERE ] updating countdown to 11115
[01:07:42.586] [SEVERE ] updating countdown to 11094
[01:07:42.607] [SEVERE ] updating countdown to 11073
[01:07:42.628] [SEVERE ] updating countdown to 11052
[01:07:42.648] [SEVERE ] updating countdown to 11032
[01:07:42.670] [SEVERE ] updating countdown to 11010
[01:07:42.691] [SEVERE ] updating countdown to 10990
[01:07:42.712] [SEVERE ] updating countdown to 10968
[01:07:42.733] [SEVERE ] updating countdown to 10947
[01:07:42.754] [SEVERE ] updating countdown to 10926
[01:07:42.775] [SEVERE ] updating countdown to 10905
[01:07:42.796] [SEVERE ] updating countdown to 10884
[01:07:42.816] [SEVERE ] updating countdown to 10864
[01:07:42.837] [SEVERE ] updating countdown to 10843
[01:07:42.859] [SEVERE ] updating countdown to 10821
[01:07:42.880] [SEVERE ] updating countdown to 10800
[01:07:42.901] [SEVERE ] updating countdown to 10779
[01:07:42.921] [SEVERE ] updating countdown to 10759
[01:07:42.942] [SEVERE ] updating countdown to 10738
[01:07:42.963] [SEVERE ] updating countdown to 10717
[01:07:42.984] [SEVERE ] updating countdown to 10696
[01:07:43.005] [SEVERE ] updating countdown to 10675
[01:07:43.025] [SEVERE ] updating countdown to 10655
[01:07:43.046] [SEVERE ] updating countdown to 10634
[01:07:43.067] [SEVERE ] updating countdown to 10613
[01:07:43.088] [SEVERE ] updating countdown to 10592
[01:07:43.109] [SEVERE ] updating countdown to 10571
[01:07:43.130] [SEVERE ] updating countdown to 10550
[01:07:43.151] [SEVERE ] updating countdown to 10529
[01:07:43.172] [SEVERE ] updating countdown to 10508
[01:07:43.193] [SEVERE ] updating countdown to 10487
[01:07:43.214] [SEVERE ] updating countdown to 10466
[01:07:43.235] [SEVERE ] updating countdown to 10445
[01:07:43.256] [SEVERE ] updating countdown to 10424
[01:07:43.276] [SEVERE ] updating countdown to 10404
[01:07:43.297] [SEVERE ] updating countdown to 10383
[01:07:43.318] [SEVERE ] updating countdown to 10362
[01:07:43.339] [SEVERE ] updating countdown to 10341
[01:07:43.360] [SEVERE ] updating countdown to 10320
[01:07:43.381] [SEVERE ] updating countdown to 10299
[01:07:43.402] [SEVERE ] updating countdown to 10278
[01:07:43.423] [SEVERE ] updating countdown to 10257
[01:07:43.444] [SEVERE ] updating countdown to 10236
[01:07:43.465] [SEVERE ] updating countdown to 10215
[01:07:43.486] [SEVERE ] updating countdown to 10194
[01:07:43.507] [SEVERE ] updating countdown to 10173
[01:07:43.528] [SEVERE ] updating countdown to 10152
[01:07:43.549] [SEVERE ] updating countdown to 10131
[01:07:43.570] [SEVERE ] updating countdown to 10110
[01:07:43.591] [SEVERE ] updating countdown to 10089
[01:07:43.612] [SEVERE ] updating countdown to 10068
[01:07:43.633] [SEVERE ] updating countdown to 10047
[01:07:43.654] [SEVERE ] updating countdown to 10026
[01:07:43.675] [SEVERE ] updating countdown to 10005
[01:07:43.695] [SEVERE ] updating countdown to 9985
[01:07:43.717] [SEVERE ] updating countdown to 9963
[01:07:43.738] [SEVERE ] updating countdown to 9943
[01:07:43.758] [SEVERE ] updating countdown to 9922
[01:07:43.779] [SEVERE ] updating countdown to 9901
[01:07:43.800] [SEVERE ] updating countdown to 9880
[01:07:43.821] [SEVERE ] updating countdown to 9859
[01:07:43.841] [SEVERE ] updating countdown to 9839
[01:07:43.862] [SEVERE ] updating countdown to 9818
[01:07:43.883] [SEVERE ] updating countdown to 9797
[01:07:43.904] [SEVERE ] updating countdown to 9776
[01:07:43.925] [SEVERE ] updating countdown to 9755
[01:07:43.946] [SEVERE ] updating countdown to 9734
[01:07:43.950] [SEVERE ] exit button pressed
[01:07:43.966] [SEVERE ] updating countdown to 9714
[01:07:43.967] [SEVERE ] updating countdown to 20000
[01:07:44.068] [SEVERE ] removing card from slot 0
[01:07:44.169] [SEVERE ] removing card from slot 1
[01:07:44.270] [SEVERE ] removing card from slot 2
[01:07:44.371] [SEVERE ] removing card from slot 3
[01:07:44.472] [SEVERE ] removing card from slot 4
[01:07:44.573] [SEVERE ] removing card from slot 5
[01:07:44.674] [SEVERE ] removing card from slot 6
[01:07:44.775] [SEVERE ] removing card from slot 7
[01:07:44.876] [SEVERE ] removing card from slot 8
[01:07:44.977] [SEVERE ] removing card from slot 9
[01:07:45.078] [SEVERE ] removing card from slot 10
[01:07:45.179] [SEVERE ] removing card from slot 11
[01:07:45.182] [SEVERE ] announcing winner(s): player 2, player 1
[01:07:45.184] [INFO   ] Thread player 1 terminated.
[01:07:45.185] [INFO   ] Thread player 0 terminated.
[01:07:45.186] [INFO   ] Thread dealer terminated.
[01:07:45.186] [INFO   ] thread dealer terminated.
[01:07:45.187] [SEVERE ] thanks for playing... it was fun!
[01:07:45.187] [INFO   ] thread main terminated.
